[2023-12-19 10:18:10.819] [INFO ] [main] com.springboot.study.StudyApplication Starting StudyApplication using Java 17.0.3 with PID 1624 (/Users/jinsu/study/target/classes started by jinsu in /Users/jinsu/study)
[2023-12-19 10:18:10.821] [INFO ] [main] com.springboot.study.StudyApplication No active profile set, falling back to 1 default profile: "default"
[2023-12-19 10:18:11.659] [INFO ] [main] org.springframework.boot.web.embedded.tomcat.TomcatWebServer Tomcat initialized with port(s): 8080 (http)
[2023-12-19 10:18:11.665] [INFO ] [main] org.apache.coyote.http11.Http11NioProtocol Initializing ProtocolHandler ["http-nio-8080"]
[2023-12-19 10:18:11.667] [INFO ] [main] org.apache.catalina.core.StandardService Starting service [Tomcat]
[2023-12-19 10:18:11.667] [INFO ] [main] org.apache.catalina.core.StandardEngine Starting Servlet engine: [Apache Tomcat/10.1.16]
[2023-12-19 10:18:11.740] [INFO ] [main] org.apache.catalina.core.ContainerBase.[Tomcat].[localhost].[/] Initializing Spring embedded WebApplicationContext
[2023-12-19 10:18:11.742] [INFO ] [main] org.springframework.boot.web.servlet.context.ServletWebServerApplicationContext Root WebApplicationContext: initialization completed in 859 ms
[2023-12-19 10:18:12.027] [INFO ] [main] org.apache.coyote.http11.Http11NioProtocol Starting ProtocolHandler ["http-nio-8080"]
[2023-12-19 10:18:12.047] [INFO ] [main] org.springframework.boot.web.embedded.tomcat.TomcatWebServer Tomcat started on port(s): 8080 (http) with context path ''
[2023-12-19 10:18:12.059] [INFO ] [main] com.springboot.study.StudyApplication Started StudyApplication in 1.699 seconds (process running for 2.254)
[2023-12-19 10:18:38.444] [INFO ] [main] com.springboot.study.StudyApplication Starting StudyApplication using Java 17.0.3 with PID 1630 (/Users/jinsu/study/target/classes started by jinsu in /Users/jinsu/study)
[2023-12-19 10:18:38.445] [INFO ] [main] com.springboot.study.StudyApplication No active profile set, falling back to 1 default profile: "default"
[2023-12-19 10:18:39.286] [INFO ] [main] org.springframework.boot.web.embedded.tomcat.TomcatWebServer Tomcat initialized with port(s): 8080 (http)
[2023-12-19 10:18:39.292] [INFO ] [main] org.apache.coyote.http11.Http11NioProtocol Initializing ProtocolHandler ["http-nio-8080"]
[2023-12-19 10:18:39.293] [INFO ] [main] org.apache.catalina.core.StandardService Starting service [Tomcat]
[2023-12-19 10:18:39.293] [INFO ] [main] org.apache.catalina.core.StandardEngine Starting Servlet engine: [Apache Tomcat/10.1.16]
[2023-12-19 10:18:39.364] [INFO ] [main] org.apache.catalina.core.ContainerBase.[Tomcat].[localhost].[/] Initializing Spring embedded WebApplicationContext
[2023-12-19 10:18:39.366] [INFO ] [main] org.springframework.boot.web.servlet.context.ServletWebServerApplicationContext Root WebApplicationContext: initialization completed in 862 ms
[2023-12-19 10:18:39.645] [INFO ] [main] org.apache.coyote.http11.Http11NioProtocol Starting ProtocolHandler ["http-nio-8080"]
[2023-12-19 10:18:39.665] [INFO ] [main] org.springframework.boot.web.embedded.tomcat.TomcatWebServer Tomcat started on port(s): 8080 (http) with context path ''
[2023-12-19 10:18:39.681] [INFO ] [main] com.springboot.study.StudyApplication Started StudyApplication in 1.701 seconds (process running for 2.318)
[2023-12-19 10:18:56.467] [INFO ] [http-nio-8080-exec-1] org.apache.catalina.core.ContainerBase.[Tomcat].[localhost].[/] Initializing Spring DispatcherServlet 'dispatcherServlet'
[2023-12-19 10:18:56.468] [INFO ] [http-nio-8080-exec-1] org.springframework.web.servlet.DispatcherServlet Initializing Servlet 'dispatcherServlet'
[2023-12-19 10:18:56.470] [INFO ] [http-nio-8080-exec-1] org.springframework.web.servlet.DispatcherServlet Completed initialization in 2 ms
[2023-12-19 10:18:56.488] [INFO ] [http-nio-8080-exec-1] com.springboot.study.controller.GetController getHello 메서드가 호출되었습니다.
[2023-12-19 10:20:56.563] [INFO ] [http-nio-8080-exec-4] com.springboot.study.controller.GetController getHello 메서드가 호출되었습니다.
[2023-12-19 10:21:10.670] [INFO ] [http-nio-8080-exec-5] com.springboot.study.controller.GetController getHello 메서드가 호출되었습니다.
[2023-12-19 10:21:11.517] [INFO ] [http-nio-8080-exec-2] com.springboot.study.controller.GetController getHello 메서드가 호출되었습니다.
